android/app/proguard-rules.pro
# Add project specific ProGuard rules here.
# You can control the set of applied configuration files using the
# proguardFiles setting in build.gradle.
#
# For more details, see
#   http://developer.android.com/guide/developing/tools/proguard.html

# If your project uses WebView with JS, uncomment the following
# and specify the fully qualified class name to the JavaScript interface
# class:
#-keepclassmembers class fqcn.of.javascript.interface.for.webview {
#   public *;
#}

# Uncomment this to preserve the line number information for
# debugging stack traces.
#-keepattributes SourceFile,LineNumberTable

# If you keep the line number information, uncomment this to
# hide the original source file name.
#-renamesourcefileattribute SourceFile

# Advanced Optimization and Aggressive Obfuscation Settings
-optimizationpasses 9
-allowaccessmodification
-dontpreverify
-repackageclasses ''
-flattenpackagehierarchy ''
-overloadaggressively
-useuniqueclassmembernames
-mergeinterfacesaggressively

# Advanced code optimization
-dontusemixedcaseclassnames
-dontskipnonpubliclibraryclasses

# Aggressive name obfuscation
-obfuscationdictionary proguard-dictionary.txt
-classobfuscationdictionary proguard-dictionary.txt
-packageobfuscationdictionary proguard-dictionary.txt

# Control Flow Obfuscation
-dontskipnonpubliclibraryclassmembers
-keeppackagenames donotkeep

# Keep important information but remove debugging
-renamesourcefileattribute ''
-keepattributes SourceFile,LineNumberTable

# Keep native methods (with aggressive obfuscation)
-keepclasseswithmembernames class * {
    native <methods>;
}

# Essential Android components (with aggressive obfuscation)
-keep public class * extends android.app.Activity
-keep public class * extends android.app.Application
-keep public class * extends android.app.Service
-keep public class * extends android.content.BroadcastReceiver
-keep public class * extends android.content.ContentProvider

# Remove all logging
-assumenosideeffects class android.util.Log {
    public static boolean isLoggable(java.lang.String, int);
    public static int v(...);
    public static int d(...);
    public static int i(...);
    public static int w(...);
    public static int e(...);
}

# Additional security measures
-keepclassmembers class * implements java.io.Serializable {
    private static final java.io.ObjectStreamField[] serialPersistentFields;
    private void writeObject(java.io.ObjectOutputStream);
    private void readObject(java.io.ObjectInputStream);
    java.lang.Object writeReplace();
    java.lang.Object readResolve();
}

# Advanced string and class protection
-adaptclassstrings
-adaptresourcefilecontents **.properties,META-INF/MANIFEST.MF,META-INF/*.properties,META-INF/*.xml

# Mapping for debugging (keep secure)
-printmapping mapping.txt
-verbose