android/app/mapping.txt
# compiler: R8
# compiler_version: 8.7.18
# min_api: 22
# common_typos_disable
# {"id":"com.android.tools.r8.mapping","version":"2.2"}
# pg_map_id: 1c025cc
# pg_map_hash: SHA-256 1c025ccb794eaa0d09087c275b8371d119b9e77d5f08b0571b6236b4d490e7e8
com.example.app.BovzLzytpifxlqo -> com.example.app.BovzLzytpifxlqo:
# {"id":"sourceFile","fileName":"BovzLzytpifxlqo.kt"}
    1:4:void <init>():7:7 -> <init>
    6:16:void jtWhevrhrvYcyvcFdBovzLzytpifxlqo(android.app.Activity):10:10 -> aZ
    1:1:Unit $r8$lambda$9OJ4vsOCUObmPp259V4GETmFtqg(java.lang.String,java.lang.String,java.lang.String):0:0 -> bY
      # {"id":"com.android.tools.r8.synthesized"}
      # {"id":"com.android.tools.r8.residualsignature","signature":"(Ljava/lang/String;Ljava/lang/String;Ljava/lang/String;)Lfc0;"}
    12:14:kotlin.Unit jtWhevrhrvYcyvcFdBovzLzytpifxlqo$lambda$0(java.lang.String,java.lang.String,java.lang.String):10:10 -> cX
      # {"id":"com.android.tools.r8.residualsignature","signature":"(Ljava/lang/String;Ljava/lang/String;Ljava/lang/String;)Lfc0;"}
com.example.app.BovzLzytpifxlqo$$ExternalSyntheticLambda0 -> m3:
# {"id":"sourceFile","fileName":"R8$$SyntheticClass"}
# {"id":"com.android.tools.r8.synthesized"}
    1:1:void BovzLzytpifxlqo$$ExternalSyntheticLambda0.<init>():0:0 -> <init>
      # {"id":"com.android.tools.r8.synthesized"}
    1:1:java.lang.Object BovzLzytpifxlqo$$ExternalSyntheticLambda0.invoke(java.lang.Object,java.lang.Object,java.lang.Object):0:0 -> eV
      # {"id":"com.android.tools.r8.synthesized"}
com.example.app.NyvmiyimVedenIjznzlvz -> com.example.app.NyvmiyimVedenIjznzlvz:
# {"id":"sourceFile","fileName":"NyvmiyimVedenIjznzlvz.kt"}
    com.example.app.NyvmiyimVedenIjznzlvz$Companion Companion -> ᄁ
      # {"id":"com.android.tools.r8.residualsignature","signature":"Lcom/example/app/NyvmiyimVedenIjznzlvz$aZ;"}
    1:4:void <init>():12:12 -> <init>
    1:5:void ayMamhzjFduf():16:16 -> Il1_O0Q
    6:9:void ayMamhzjFduf():17:17 -> Il1_O0Q
    1:11:void xbvftkuqgkAmhyt$lambda$1(com.example.app.NyvmiyimVedenIjznzlvz,android.view.View):41:41 -> div_
    1:10:void lfsogqDdjbpiYiavt():59:59 -> do_$
    11:19:void lfsogqDdjbpiYiavt():61:61 -> do_$
    20:22:void lfsogqDdjbpiYiavt():62:62 -> do_$
    23:32:void lfsogqDdjbpiYiavt():64:64 -> do_$
    33:37:void lfsogqDdjbpiYiavt():66:66 -> do_$
    38:44:void lfsogqDdjbpiYiavt():67:67 -> do_$
    45:54:void lfsogqDdjbpiYiavt():69:69 -> do_$
    55:59:void lfsogqDdjbpiYiavt():71:71 -> do_$
    60:66:void lfsogqDdjbpiYiavt():72:72 -> do_$
    67:76:void lfsogqDdjbpiYiavt():74:74 -> do_$
    77:81:void lfsogqDdjbpiYiavt():76:76 -> do_$
    82:90:void lfsogqDdjbpiYiavt():77:77 -> do_$
    1:1:void $r8$lambda$lT_eKCf4k3CrelFNRWHs8aHlPQI(com.example.app.NyvmiyimVedenIjznzlvz,android.view.View):0:0 -> is_$
      # {"id":"com.android.tools.r8.synthesized"}
    1:3:void xbvftkuqgkAmhyt():27:27 -> minus_
    4:13:void xbvftkuqgkAmhyt():28:28 -> minus_
    14:21:void xbvftkuqgkAmhyt():30:30 -> minus_
com.example.app.NyvmiyimVedenIjznzlvz$$ExternalSyntheticLambda0 -> pv:
# {"id":"sourceFile","fileName":"R8$$SyntheticClass"}
# {"id":"com.android.tools.r8.synthesized"}
    com.example.app.NyvmiyimVedenIjznzlvz com.example.app.NyvmiyimVedenIjznzlvz$$InternalSyntheticLambda$1$6ddb717b7135e94ee9d1180fc0e9ac9da8cdc4f85d347428ea729a0b24522d02$0.f$0 -> aZ
      # {"id":"com.android.tools.r8.synthesized"}
    1:1:void NyvmiyimVedenIjznzlvz$$ExternalSyntheticLambda0.<init>(com.example.app.NyvmiyimVedenIjznzlvz):0:0 -> <init>
      # {"id":"com.android.tools.r8.synthesized"}
    1:1:void NyvmiyimVedenIjznzlvz$$ExternalSyntheticLambda0.onClick(android.view.View):0:0 -> onClick
      # {"id":"com.android.tools.r8.synthesized"}
...
com.google.crypto.tink.shaded.protobuf.Utf8$SafeProcessor -> com.google.crypto.tink.shaded.protobuf.Utf8$SafeProcessor:
# {"id":"sourceFile","fileName":"Utf8.java"}
    1:4:void <init>():861:861 -> <init>
    7:14:java.lang.String decodeUtf8(byte[],int,int):959:959 -> decodeUtf8
    15:19:java.lang.String decodeUtf8(byte[],int,int):969:969 -> decodeUtf8
    20:21:java.lang.String decodeUtf8(byte[],int,int):975:975 -> decodeUtf8
    22:31:java.lang.String decodeUtf8(byte[],int,int):976:976 -> decodeUtf8
    32:41:java.lang.String decodeUtf8(byte[],int,int):980:980 -> decodeUtf8
    42:43:java.lang.String decodeUtf8(byte[],int,int):984:984 -> decodeUtf8
    44:51:java.lang.String decodeUtf8(byte[],int,int):985:985 -> decodeUtf8
    52:56:java.lang.String decodeUtf8(byte[],int,int):986:986 -> decodeUtf8
    57:58:java.lang.String decodeUtf8(byte[],int,int):990:990 -> decodeUtf8
    59:68:java.lang.String decodeUtf8(byte[],int,int):991:991 -> decodeUtf8
    69:76:java.lang.String decodeUtf8(byte[],int,int):995:995 -> decodeUtf8
    77:85:java.lang.String decodeUtf8(byte[],int,int):997:997 -> decodeUtf8
    86:94:java.lang.String decodeUtf8(byte[],int,int):1001:1001 -> decodeUtf8
    95:99:java.lang.String decodeUtf8(byte[],int,int):999:999 -> decodeUtf8
    100:111:java.lang.String decodeUtf8(byte[],int,int):1002:1002 -> decodeUtf8
    112:123:java.lang.String decodeUtf8(byte[],int,int):1006:1006 -> decodeUtf8
com.google.crypto.tink.shaded.protobuf.Utf8$UnpairedSurrogateException -> com.google.crypto.tink.shaded.protobuf.Utf8$UnpairedSurrogateException:
# {"id":"sourceFile","fileName":"Utf8.java"}
    1:29:void <init>(int,int):228:228 -> <init>
com.google.crypto.tink.shaded.protobuf.Utf8$UnsafeProcessor -> com.google.crypto.tink.shaded.protobuf.Utf8$UnsafeProcessor:
# {"id":"sourceFile","fileName":"Utf8.java"}
    1:4:void <init>():1170:1170 -> <init>
    1:7:java.lang.String decodeUtf8(byte[],int,int):1370:1370 -> decodeUtf8
    8:16:java.lang.String decodeUtf8(byte[],int,int):1374:1374 -> decodeUtf8
    17:25:java.lang.String decodeUtf8(byte[],int,int):1384:1384 -> decodeUtf8
    26:32:java.lang.String decodeUtf8(byte[],int,int):1383:1383 -> decodeUtf8
    33:37:java.lang.String decodeUtf8(byte[],int,int):1388:1388 -> decodeUtf8
    10:18:java.lang.String decodeUtf8Direct(java.nio.ByteBuffer,int,int):1395:1395 -> decodeUtf8Direct
    19:26:java.lang.String decodeUtf8Direct(java.nio.ByteBuffer,int,int):1399:1399 -> decodeUtf8Direct
    27:35:java.lang.String decodeUtf8Direct(java.nio.ByteBuffer,int,int):1404:1404 -> decodeUtf8Direct
    36:39:java.lang.String decodeUtf8Direct(java.nio.ByteBuffer,int,int):1410:1410 -> decodeUtf8Direct
    40:49:java.lang.String decodeUtf8Direct(java.nio.ByteBuffer,int,int):1411:1411 -> decodeUtf8Direct
    50:60:java.lang.String decodeUtf8Direct(java.nio.ByteBuffer,int,int):1415:1415 -> decodeUtf8Direct
    61:64:java.lang.String decodeUtf8Direct(java.nio.ByteBuffer,int,int):1419:1419 -> decodeUtf8Direct
    65:72:java.lang.String decodeUtf8Direct(java.nio.ByteBuffer,int,int):1420:1420 -> decodeUtf8Direct